{
  "stats": {
    "suites": 0,
    "tests": 8,
    "passes": 8,
    "pending": 0,
    "failures": 0,
    "start": "2023-08-22T17:36:26.501Z",
    "end": "2023-08-22T17:36:30.072Z",
    "duration": 3571,
    "testsRegistered": 8,
    "passPercent": 100,
    "pendingPercent": 0,
    "other": 0,
    "hasOther": false,
    "skipped": 0,
    "hasSkipped": false
  },
  "results": [
    {
      "uuid": "322b322a-3373-459b-95b8-2e37cb758aa0",
      "title": "",
      "fullFile": "",
      "file": "C:\\Users\\Cleartech\\DevopsGiChristo\\T4-GiseleSantos\\dogsAPI-master\\Test\\test\\del.spec.js",
      "beforeHooks": [],
      "afterHooks": [],
      "tests": [
        {
          "title": "Deletando Informações",
          "fullTitle": "Deletando Informações",
          "timedOut": false,
          "duration": 398,
          "state": "passed",
          "speed": "slow",
          "pass": true,
          "fail": false,
          "pending": false,
          "context": null,
          "code": "await spec()\n  .delete('https://api.thecatapi.com/v1/images/search?limit=10')\n  .expectStatus(401);",
          "err": {},
          "uuid": "ee8def6f-576f-4ecd-8651-2f9f5c563be6",
          "parentUUID": "322b322a-3373-459b-95b8-2e37cb758aa0",
          "isHook": false,
          "skipped": false
        },
        {
          "title": "Pesquisando Imagens",
          "fullTitle": "Pesquisando Imagens",
          "timedOut": false,
          "duration": 416,
          "state": "passed",
          "speed": "slow",
          "pass": true,
          "fail": false,
          "pending": false,
          "context": null,
          "code": "await spec()\n  .get('https://api.thecatapi.com/v1/images/search?limit=10')\n  .expectStatus(200);",
          "err": {},
          "uuid": "964add12-2add-44e6-ae2b-e3310bd5fc87",
          "parentUUID": "322b322a-3373-459b-95b8-2e37cb758aa0",
          "isHook": false,
          "skipped": false
        },
        {
          "title": "Pesquisa com Filtro",
          "fullTitle": "Pesquisa com Filtro",
          "timedOut": false,
          "duration": 452,
          "state": "passed",
          "speed": "slow",
          "pass": true,
          "fail": false,
          "pending": false,
          "context": null,
          "code": "await spec()\n  .get('https://api.thecatapi.com/v1/images/search?limit=10&breed_ids=beng&api_key=REPLACE_ME')\n  .expectStatus(200);",
          "err": {},
          "uuid": "9bd7d5a4-7caf-43a4-973d-95afdbe01bc2",
          "parentUUID": "322b322a-3373-459b-95b8-2e37cb758aa0",
          "isHook": false,
          "skipped": false
        },
        {
          "title": "Pesquisa simples",
          "fullTitle": "Pesquisa simples",
          "timedOut": false,
          "duration": 342,
          "state": "passed",
          "speed": "slow",
          "pass": true,
          "fail": false,
          "pending": false,
          "context": null,
          "code": "await spec()\n  .get('https://api.thecatapi.com/v1/images/search')\n  .expectStatus(200);",
          "err": {},
          "uuid": "5a5728bb-1b29-4dc4-a069-39e811560101",
          "parentUUID": "322b322a-3373-459b-95b8-2e37cb758aa0",
          "isHook": false,
          "skipped": false
        },
        {
          "title": "Pesquisa buscando 11 registros",
          "fullTitle": "Pesquisa buscando 11 registros",
          "timedOut": false,
          "duration": 836,
          "state": "passed",
          "speed": "slow",
          "pass": true,
          "fail": false,
          "pending": false,
          "context": null,
          "code": "await spec()\n  .get('https://api.thecatapi.com/v1/images/search?limit=11')\n  .expectStatus(200);",
          "err": {},
          "uuid": "d7b007e3-a7a2-46af-8f5c-22c12a1707f4",
          "parentUUID": "322b322a-3373-459b-95b8-2e37cb758aa0",
          "isHook": false,
          "skipped": false
        },
        {
          "title": "Pesquisa buscando acima do limite estipulado pela aplicação.Bug encontrado",
          "fullTitle": "Pesquisa buscando acima do limite estipulado pela aplicação.Bug encontrado",
          "timedOut": false,
          "duration": 415,
          "state": "passed",
          "speed": "slow",
          "pass": true,
          "fail": false,
          "pending": false,
          "context": null,
          "code": "await spec()\n  .get('https://api.thecatapi.com/v1/images/search?limit=102')\n  .expectStatus(200);",
          "err": {},
          "uuid": "4aac5eea-e2b3-4694-b237-c61088b2867e",
          "parentUUID": "322b322a-3373-459b-95b8-2e37cb758aa0",
          "isHook": false,
          "skipped": false
        },
        {
          "title": "Cadastrando Informações",
          "fullTitle": "Cadastrando Informações",
          "timedOut": false,
          "duration": 349,
          "state": "passed",
          "speed": "slow",
          "pass": true,
          "fail": false,
          "pending": false,
          "context": null,
          "code": "const postRequestBody={\n  \"nome\": 'da gigi',\n  \"status\": true,\n  \"dataCriacao\": '2023-07-31T00:52:28.834Z'\n  };\n\n  await spec()\n.post('https://api.thecatapi.com/v1/images/search?limit=10')\n.expectStatus(401);",
          "err": {},
          "uuid": "1576a93c-077d-4f01-94b4-bff1e2daf249",
          "parentUUID": "322b322a-3373-459b-95b8-2e37cb758aa0",
          "isHook": false,
          "skipped": false
        },
        {
          "title": "Editando Informações",
          "fullTitle": "Editando Informações",
          "timedOut": false,
          "duration": 352,
          "state": "passed",
          "speed": "slow",
          "pass": true,
          "fail": false,
          "pending": false,
          "context": null,
          "code": "const postRequestBody={\n\"nome\": 'da gigi',\n\"status\": true,\n\"dataCriacao\": '2023-07-31T00:52:28.834Z'\n};\n\nawait spec()\n.put('https://api.thecatapi.com/v1/images/search?limit=10')\n.expectStatus(401);",
          "err": {},
          "uuid": "906fe6dc-fca4-4048-9b67-1353f9bc2334",
          "parentUUID": "322b322a-3373-459b-95b8-2e37cb758aa0",
          "isHook": false,
          "skipped": false
        }
      ],
      "suites": [],
      "passes": [
        "ee8def6f-576f-4ecd-8651-2f9f5c563be6",
        "964add12-2add-44e6-ae2b-e3310bd5fc87",
        "9bd7d5a4-7caf-43a4-973d-95afdbe01bc2",
        "5a5728bb-1b29-4dc4-a069-39e811560101",
        "d7b007e3-a7a2-46af-8f5c-22c12a1707f4",
        "4aac5eea-e2b3-4694-b237-c61088b2867e",
        "1576a93c-077d-4f01-94b4-bff1e2daf249",
        "906fe6dc-fca4-4048-9b67-1353f9bc2334"
      ],
      "failures": [],
      "pending": [],
      "skipped": [],
      "duration": 3560,
      "root": true,
      "rootEmpty": false,
      "_timeout": 2000
    }
  ],
  "meta": {
    "mocha": {
      "version": "10.2.0"
    },
    "mochawesome": {
      "options": {
        "quiet": false,
        "reportFilename": "mochawesome",
        "saveHtml": true,
        "saveJson": true,
        "consoleReporter": "spec",
        "useInlineDiffs": false,
        "code": true
      },
      "version": "7.1.3"
    },
    "marge": {
      "options": null,
      "version": "6.2.0"
    }
  }
}