{
  "stats": {
    "suites": 0,
    "tests": 10,
    "passes": 10,
    "pending": 0,
    "failures": 0,
    "start": "2023-08-31T19:42:54.560Z",
    "end": "2023-08-31T19:42:58.520Z",
    "duration": 3960,
    "testsRegistered": 10,
    "passPercent": 100,
    "pendingPercent": 0,
    "other": 0,
    "hasOther": false,
    "skipped": 0,
    "hasSkipped": false
  },
  "results": [
    {
      "uuid": "76973653-b8cb-407c-8adb-a7a6f8612b09",
      "title": "",
      "fullFile": "",
      "file": "C:\\Users\\Cleartech\\DevopsGiChristo\\T4-GiseleSantos\\Sprint-12-ok\\the-cat-api-master\\demogi\\test\\del.spec.js",
      "beforeHooks": [],
      "afterHooks": [],
      "tests": [
        {
          "title": "Deletando dados",
          "fullTitle": "Deletando dados",
          "timedOut": false,
          "duration": 430,
          "state": "passed",
          "speed": "slow",
          "pass": true,
          "fail": false,
          "pending": false,
          "context": null,
          "code": "await spec()\n  .delete('https://api.thecatapi.com/v1/images/search?limit=10')\n  .expectStatus(401);",
          "err": {},
          "uuid": "8abb914b-2fdc-4e28-91bf-5db5c76ade71",
          "parentUUID": "76973653-b8cb-407c-8adb-a7a6f8612b09",
          "isHook": false,
          "skipped": false
        },
        {
          "title": "Deletando dados ",
          "fullTitle": "Deletando dados ",
          "timedOut": false,
          "duration": 346,
          "state": "passed",
          "speed": "slow",
          "pass": true,
          "fail": false,
          "pending": false,
          "context": null,
          "code": "await spec()\n  .delete('https://api.thecatapi.com/v1/images/search?limit=8')\n  .expectStatus(401);",
          "err": {},
          "uuid": "d95b35fd-4fb6-4dea-8d52-6a44806f883b",
          "parentUUID": "76973653-b8cb-407c-8adb-a7a6f8612b09",
          "isHook": false,
          "skipped": false
        },
        {
          "title": "Filtrando a pesquisa em limite de quantidade",
          "fullTitle": "Filtrando a pesquisa em limite de quantidade",
          "timedOut": false,
          "duration": 409,
          "state": "passed",
          "speed": "slow",
          "pass": true,
          "fail": false,
          "pending": false,
          "context": null,
          "code": "await spec()\n  .get('https://api.thecatapi.com/v1/images/search?limit=10')\n  .expectStatus(200);",
          "err": {},
          "uuid": "eab872e5-9545-4ad9-a806-ffff5454b086",
          "parentUUID": "76973653-b8cb-407c-8adb-a7a6f8612b09",
          "isHook": false,
          "skipped": false
        },
        {
          "title": "Pesquisa geral",
          "fullTitle": "Pesquisa geral",
          "timedOut": false,
          "duration": 360,
          "state": "passed",
          "speed": "slow",
          "pass": true,
          "fail": false,
          "pending": false,
          "context": null,
          "code": "await spec()\n  .get('https://api.thecatapi.com/v1/images/search')\n  .expectStatus(200);",
          "err": {},
          "uuid": "7c91d2b5-09f1-4634-bc70-ce0b5063185e",
          "parentUUID": "76973653-b8cb-407c-8adb-a7a6f8612b09",
          "isHook": false,
          "skipped": false
        },
        {
          "title": "Pesquisando todas as raças",
          "fullTitle": "Pesquisando todas as raças",
          "timedOut": false,
          "duration": 617,
          "state": "passed",
          "speed": "slow",
          "pass": true,
          "fail": false,
          "pending": false,
          "context": null,
          "code": "await spec()\n  .get('https://api.thecatapi.com/v1/breeds')\n  .expectStatus(200);",
          "err": {},
          "uuid": "3ece6c2e-e8e2-4d84-bdce-18e581429cf6",
          "parentUUID": "76973653-b8cb-407c-8adb-a7a6f8612b09",
          "isHook": false,
          "skipped": false
        },
        {
          "title": "Apenas para gatos de bengala",
          "fullTitle": "Apenas para gatos de bengala",
          "timedOut": false,
          "duration": 407,
          "state": "passed",
          "speed": "slow",
          "pass": true,
          "fail": false,
          "pending": false,
          "context": null,
          "code": "await spec()\n  .get('https://api.thecatapi.com/v1/images/search?breed_ids=beng')\n  .expectStatus(200);",
          "err": {},
          "uuid": "9ec39e4f-a71e-4193-b187-e94c21b6797c",
          "parentUUID": "76973653-b8cb-407c-8adb-a7a6f8612b09",
          "isHook": false,
          "skipped": false
        },
        {
          "title": "Inserindo Gato de Rua",
          "fullTitle": "Inserindo Gato de Rua",
          "timedOut": false,
          "duration": 344,
          "state": "passed",
          "speed": "slow",
          "pass": true,
          "fail": false,
          "pending": false,
          "context": null,
          "code": "const postRequestBody={\n  \"nome\": 'Gato de rua',\n  \"status\": true,\n  \"dataCriacao\": '2023-07-31T00:52:28.834Z'\n  };\n\n  await spec()\n.post('https://api.thecatapi.com/v1/images/search')\n.expectStatus(401);",
          "err": {},
          "uuid": "4a5c4430-a40f-4f0f-97b8-c479be05383a",
          "parentUUID": "76973653-b8cb-407c-8adb-a7a6f8612b09",
          "isHook": false,
          "skipped": false
        },
        {
          "title": "Inserindo Gato adestrado",
          "fullTitle": "Inserindo Gato adestrado",
          "timedOut": false,
          "duration": 344,
          "state": "passed",
          "speed": "slow",
          "pass": true,
          "fail": false,
          "pending": false,
          "context": null,
          "code": "const postRequestBody={\n\"nome\": 'Gato adestrado',\n\"status\": true,\n\"dataCriacao\": '2023-07-31T00:52:28.834Z'\n};\n\nawait spec()\n.post('https://api.thecatapi.com/v1/images/search')\n.expectStatus(401);",
          "err": {},
          "uuid": "7288fb46-acfd-4f65-9433-7935ea722df9",
          "parentUUID": "76973653-b8cb-407c-8adb-a7a6f8612b09",
          "isHook": false,
          "skipped": false
        },
        {
          "title": "Editando Raças de Gato",
          "fullTitle": "Editando Raças de Gato",
          "timedOut": false,
          "duration": 343,
          "state": "passed",
          "speed": "slow",
          "pass": true,
          "fail": false,
          "pending": false,
          "context": null,
          "code": "const postRequestBody={\n\"nome\": 'Siamês',\n\"status\": true,\n\"dataCriacao\": '2023-07-31T00:52:28.834Z'\n};\n\nawait spec()\n.put('https://api.thecatapi.com/v1/images/search?limit=10')\n.expectStatus(401);",
          "err": {},
          "uuid": "f906997c-c89a-4fde-a035-8265ed373f1f",
          "parentUUID": "76973653-b8cb-407c-8adb-a7a6f8612b09",
          "isHook": false,
          "skipped": false
        },
        {
          "title": "Editando tipos de Gato",
          "fullTitle": "Editando tipos de Gato",
          "timedOut": false,
          "duration": 346,
          "state": "passed",
          "speed": "slow",
          "pass": true,
          "fail": false,
          "pending": false,
          "context": null,
          "code": "const postRequestBody={\n\"nome\": 'Gato de Botas',\n\"status\": true,\n\"dataCriacao\": '2023-07-31T00:52:28.834Z'\n};\n\nawait spec()\n.put('https://api.thecatapi.com/v1/images/search?limit=9')\n.expectStatus(401);",
          "err": {},
          "uuid": "1c0ee288-8ed0-4243-bc96-bc55f3034cdc",
          "parentUUID": "76973653-b8cb-407c-8adb-a7a6f8612b09",
          "isHook": false,
          "skipped": false
        }
      ],
      "suites": [],
      "passes": [
        "8abb914b-2fdc-4e28-91bf-5db5c76ade71",
        "d95b35fd-4fb6-4dea-8d52-6a44806f883b",
        "eab872e5-9545-4ad9-a806-ffff5454b086",
        "7c91d2b5-09f1-4634-bc70-ce0b5063185e",
        "3ece6c2e-e8e2-4d84-bdce-18e581429cf6",
        "9ec39e4f-a71e-4193-b187-e94c21b6797c",
        "4a5c4430-a40f-4f0f-97b8-c479be05383a",
        "7288fb46-acfd-4f65-9433-7935ea722df9",
        "f906997c-c89a-4fde-a035-8265ed373f1f",
        "1c0ee288-8ed0-4243-bc96-bc55f3034cdc"
      ],
      "failures": [],
      "pending": [],
      "skipped": [],
      "duration": 3946,
      "root": true,
      "rootEmpty": false,
      "_timeout": 2000
    }
  ],
  "meta": {
    "mocha": {
      "version": "10.2.0"
    },
    "mochawesome": {
      "options": {
        "quiet": false,
        "reportFilename": "mochawesome",
        "saveHtml": true,
        "saveJson": true,
        "consoleReporter": "spec",
        "useInlineDiffs": false,
        "code": true
      },
      "version": "7.1.3"
    },
    "marge": {
      "options": null,
      "version": "6.2.0"
    }
  }
}